{"D:\\bt coding challenge\\client\\my-app\\src\\App.js": {"path":"D:\\bt coding challenge\\client\\my-app\\src\\App.js","statementMap":{"0":{"start":{"line":13,"column":42},"end":{"line":13,"column":54}},"1":{"start":{"line":14,"column":24},"end":{"line":14,"column":36}},"2":{"start":{"line":15,"column":56},"end":{"line":15,"column":71}},"3":{"start":{"line":16,"column":50},"end":{"line":16,"column":60}},"4":{"start":{"line":17,"column":56},"end":{"line":17,"column":66}},"5":{"start":{"line":19,"column":19},"end":{"line":21,"column":3}},"6":{"start":{"line":20,"column":4},"end":{"line":20,"column":25}},"7":{"start":{"line":23,"column":19},"end":{"line":23,"column":32}},"8":{"start":{"line":25,"column":26},"end":{"line":27,"column":3}},"9":{"start":{"line":26,"column":4},"end":{"line":26,"column":18}},"10":{"start":{"line":28,"column":27},"end":{"line":30,"column":3}},"11":{"start":{"line":29,"column":4},"end":{"line":29,"column":24}},"12":{"start":{"line":32,"column":33},"end":{"line":44,"column":3}},"13":{"start":{"line":33,"column":4},"end":{"line":43,"column":5}},"14":{"start":{"line":34,"column":6},"end":{"line":42,"column":7}},"15":{"start":{"line":35,"column":21},"end":{"line":35,"column":43}},"16":{"start":{"line":36,"column":6},"end":{"line":36,"column":34}},"17":{"start":{"line":38,"column":8},"end":{"line":38,"column":30}},"18":{"start":{"line":39,"column":8},"end":{"line":39,"column":37}},"19":{"start":{"line":40,"column":8},"end":{"line":40,"column":35}},"20":{"start":{"line":41,"column":8},"end":{"line":41,"column":36}},"21":{"start":{"line":46,"column":37},"end":{"line":58,"column":3}},"22":{"start":{"line":47,"column":4},"end":{"line":57,"column":5}},"23":{"start":{"line":48,"column":6},"end":{"line":56,"column":7}},"24":{"start":{"line":49,"column":23},"end":{"line":49,"column":61}},"25":{"start":{"line":50,"column":8},"end":{"line":50,"column":37}},"26":{"start":{"line":52,"column":8},"end":{"line":52,"column":34}},"27":{"start":{"line":53,"column":8},"end":{"line":53,"column":37}},"28":{"start":{"line":54,"column":8},"end":{"line":54,"column":37}},"29":{"start":{"line":55,"column":8},"end":{"line":55,"column":36}},"30":{"start":{"line":60,"column":31},"end":{"line":72,"column":3}},"31":{"start":{"line":61,"column":4},"end":{"line":61,"column":24}},"32":{"start":{"line":62,"column":4},"end":{"line":71,"column":5}},"33":{"start":{"line":63,"column":6},"end":{"line":63,"column":36}},"34":{"start":{"line":64,"column":6},"end":{"line":64,"column":35}},"35":{"start":{"line":65,"column":6},"end":{"line":65,"column":35}},"36":{"start":{"line":66,"column":6},"end":{"line":66,"column":43}},"37":{"start":{"line":68,"column":6},"end":{"line":68,"column":35}},"38":{"start":{"line":69,"column":6},"end":{"line":69,"column":37}},"39":{"start":{"line":70,"column":6},"end":{"line":70,"column":61}},"40":{"start":{"line":74,"column":30},"end":{"line":86,"column":3}},"41":{"start":{"line":75,"column":4},"end":{"line":85,"column":5}},"42":{"start":{"line":76,"column":6},"end":{"line":76,"column":28}},"43":{"start":{"line":77,"column":6},"end":{"line":77,"column":25}},"44":{"start":{"line":78,"column":6},"end":{"line":78,"column":35}},"45":{"start":{"line":79,"column":6},"end":{"line":79,"column":37}},"46":{"start":{"line":80,"column":6},"end":{"line":80,"column":68}},"47":{"start":{"line":82,"column":6},"end":{"line":82,"column":36}},"48":{"start":{"line":83,"column":6},"end":{"line":83,"column":35}},"49":{"start":{"line":84,"column":6},"end":{"line":84,"column":34}},"50":{"start":{"line":88,"column":23},"end":{"line":90,"column":3}},"51":{"start":{"line":89,"column":4},"end":{"line":89,"column":18}},"52":{"start":{"line":91,"column":2},"end":{"line":114,"column":4}}},"fnMap":{"0":{"name":"App","decl":{"start":{"line":11,"column":9},"end":{"line":11,"column":12}},"loc":{"start":{"line":11,"column":15},"end":{"line":115,"column":1}},"line":11},"1":{"name":"(anonymous_1)","decl":{"start":{"line":19,"column":19},"end":{"line":19,"column":20}},"loc":{"start":{"line":19,"column":32},"end":{"line":21,"column":3}},"line":19},"2":{"name":"(anonymous_2)","decl":{"start":{"line":25,"column":26},"end":{"line":25,"column":27}},"loc":{"start":{"line":25,"column":32},"end":{"line":27,"column":3}},"line":25},"3":{"name":"(anonymous_3)","decl":{"start":{"line":28,"column":27},"end":{"line":28,"column":28}},"loc":{"start":{"line":28,"column":33},"end":{"line":30,"column":3}},"line":28},"4":{"name":"(anonymous_4)","decl":{"start":{"line":32,"column":33},"end":{"line":32,"column":34}},"loc":{"start":{"line":32,"column":50},"end":{"line":44,"column":3}},"line":32},"5":{"name":"(anonymous_5)","decl":{"start":{"line":46,"column":37},"end":{"line":46,"column":38}},"loc":{"start":{"line":46,"column":52},"end":{"line":58,"column":3}},"line":46},"6":{"name":"(anonymous_6)","decl":{"start":{"line":60,"column":31},"end":{"line":60,"column":32}},"loc":{"start":{"line":60,"column":43},"end":{"line":72,"column":3}},"line":60},"7":{"name":"(anonymous_7)","decl":{"start":{"line":74,"column":30},"end":{"line":74,"column":31}},"loc":{"start":{"line":74,"column":42},"end":{"line":86,"column":3}},"line":74},"8":{"name":"(anonymous_8)","decl":{"start":{"line":88,"column":23},"end":{"line":88,"column":24}},"loc":{"start":{"line":88,"column":29},"end":{"line":90,"column":3}},"line":88}},"branchMap":{"0":{"loc":{"start":{"line":33,"column":4},"end":{"line":43,"column":5}},"type":"if","locations":[{"start":{"line":33,"column":4},"end":{"line":43,"column":5}},{"start":{},"end":{}}],"line":33},"1":{"loc":{"start":{"line":38,"column":8},"end":{"line":38,"column":30}},"type":"binary-expr","locations":[{"start":{"line":38,"column":8},"end":{"line":38,"column":16}},{"start":{"line":38,"column":20},"end":{"line":38,"column":30}}],"line":38},"2":{"loc":{"start":{"line":47,"column":4},"end":{"line":57,"column":5}},"type":"if","locations":[{"start":{"line":47,"column":4},"end":{"line":57,"column":5}},{"start":{},"end":{}}],"line":47},"3":{"loc":{"start":{"line":47,"column":7},"end":{"line":47,"column":26}},"type":"binary-expr","locations":[{"start":{"line":47,"column":7},"end":{"line":47,"column":19}},{"start":{"line":47,"column":23},"end":{"line":47,"column":26}}],"line":47},"4":{"loc":{"start":{"line":52,"column":8},"end":{"line":52,"column":33}},"type":"binary-expr","locations":[{"start":{"line":52,"column":8},"end":{"line":52,"column":16}},{"start":{"line":52,"column":20},"end":{"line":52,"column":33}}],"line":52},"5":{"loc":{"start":{"line":62,"column":4},"end":{"line":71,"column":5}},"type":"if","locations":[{"start":{"line":62,"column":4},"end":{"line":71,"column":5}},{"start":{"line":67,"column":11},"end":{"line":71,"column":5}}],"line":62},"6":{"loc":{"start":{"line":63,"column":6},"end":{"line":63,"column":35}},"type":"binary-expr","locations":[{"start":{"line":63,"column":6},"end":{"line":63,"column":14}},{"start":{"line":63,"column":18},"end":{"line":63,"column":35}}],"line":63},"7":{"loc":{"start":{"line":75,"column":4},"end":{"line":85,"column":5}},"type":"if","locations":[{"start":{"line":75,"column":4},"end":{"line":85,"column":5}},{"start":{"line":81,"column":11},"end":{"line":85,"column":5}}],"line":75},"8":{"loc":{"start":{"line":82,"column":6},"end":{"line":82,"column":35}},"type":"binary-expr","locations":[{"start":{"line":82,"column":6},"end":{"line":82,"column":14}},{"start":{"line":82,"column":18},"end":{"line":82,"column":35}}],"line":82}},"s":{"0":0,"1":0,"2":0,"3":0,"4":0,"5":0,"6":0,"7":0,"8":0,"9":0,"10":0,"11":0,"12":0,"13":0,"14":0,"15":0,"16":0,"17":0,"18":0,"19":0,"20":0,"21":0,"22":0,"23":0,"24":0,"25":0,"26":0,"27":0,"28":0,"29":0,"30":0,"31":0,"32":0,"33":0,"34":0,"35":0,"36":0,"37":0,"38":0,"39":0,"40":0,"41":0,"42":0,"43":0,"44":0,"45":0,"46":0,"47":0,"48":0,"49":0,"50":0,"51":0,"52":0},"f":{"0":0,"1":0,"2":0,"3":0,"4":0,"5":0,"6":0,"7":0,"8":0},"b":{"0":[0,0],"1":[0,0],"2":[0,0],"3":[0,0],"4":[0,0],"5":[0,0],"6":[0,0],"7":[0,0],"8":[0,0]}}
,"D:\\bt coding challenge\\client\\my-app\\src\\index.js": {"path":"D:\\bt coding challenge\\client\\my-app\\src\\index.js","statementMap":{"0":{"start":{"line":6,"column":13},"end":{"line":6,"column":65}},"1":{"start":{"line":7,"column":0},"end":{"line":14,"column":2}}},"fnMap":{},"branchMap":{},"s":{"0":0,"1":0},"f":{},"b":{}}
,"D:\\bt coding challenge\\client\\my-app\\src\\reportWebVitals.js": {"path":"D:\\bt coding challenge\\client\\my-app\\src\\reportWebVitals.js","statementMap":{"0":{"start":{"line":1,"column":24},"end":{"line":11,"column":1}},"1":{"start":{"line":2,"column":2},"end":{"line":10,"column":3}},"2":{"start":{"line":3,"column":4},"end":{"line":9,"column":7}},"3":{"start":{"line":4,"column":6},"end":{"line":4,"column":26}},"4":{"start":{"line":5,"column":6},"end":{"line":5,"column":26}},"5":{"start":{"line":6,"column":6},"end":{"line":6,"column":26}},"6":{"start":{"line":7,"column":6},"end":{"line":7,"column":26}},"7":{"start":{"line":8,"column":6},"end":{"line":8,"column":27}}},"fnMap":{"0":{"name":"(anonymous_0)","decl":{"start":{"line":1,"column":24},"end":{"line":1,"column":25}},"loc":{"start":{"line":1,"column":39},"end":{"line":11,"column":1}},"line":1},"1":{"name":"(anonymous_1)","decl":{"start":{"line":3,"column":30},"end":{"line":3,"column":31}},"loc":{"start":{"line":3,"column":79},"end":{"line":9,"column":5}},"line":3}},"branchMap":{"0":{"loc":{"start":{"line":2,"column":2},"end":{"line":10,"column":3}},"type":"if","locations":[{"start":{"line":2,"column":2},"end":{"line":10,"column":3}},{"start":{},"end":{}}],"line":2},"1":{"loc":{"start":{"line":2,"column":6},"end":{"line":2,"column":52}},"type":"binary-expr","locations":[{"start":{"line":2,"column":6},"end":{"line":2,"column":17}},{"start":{"line":2,"column":21},"end":{"line":2,"column":52}}],"line":2}},"s":{"0":0,"1":0,"2":0,"3":0,"4":0,"5":0,"6":0,"7":0},"f":{"0":0,"1":0},"b":{"0":[0,0],"1":[0,0]}}
,"D:\\bt coding challenge\\client\\my-app\\src\\components\\Notification.js": {"path":"D:\\bt coding challenge\\client\\my-app\\src\\components\\Notification.js","statementMap":{"0":{"start":{"line":6,"column":33},"end":{"line":50,"column":3}},"1":{"start":{"line":10,"column":29},"end":{"line":10,"column":50}},"2":{"start":{"line":12,"column":20},"end":{"line":12,"column":55}},"3":{"start":{"line":12,"column":26},"end":{"line":12,"column":55}},"4":{"start":{"line":14,"column":23},"end":{"line":14,"column":80}},"5":{"start":{"line":17,"column":12},"end":{"line":43,"column":18}},"6":{"start":{"line":45,"column":4},"end":{"line":49,"column":6}}},"fnMap":{"0":{"name":"(anonymous_0)","decl":{"start":{"line":6,"column":33},"end":{"line":6,"column":34}},"loc":{"start":{"line":6,"column":39},"end":{"line":50,"column":3}},"line":6},"1":{"name":"(anonymous_1)","decl":{"start":{"line":12,"column":20},"end":{"line":12,"column":21}},"loc":{"start":{"line":12,"column":26},"end":{"line":12,"column":55}},"line":12}},"branchMap":{"0":{"loc":{"start":{"line":14,"column":23},"end":{"line":14,"column":80}},"type":"cond-expr","locations":[{"start":{"line":14,"column":54},"end":{"line":14,"column":68}},{"start":{"line":14,"column":69},"end":{"line":14,"column":80}}],"line":14},"1":{"loc":{"start":{"line":47,"column":9},"end":{"line":47,"column":46}},"type":"binary-expr","locations":[{"start":{"line":47,"column":9},"end":{"line":47,"column":28}},{"start":{"line":47,"column":32},"end":{"line":47,"column":46}}],"line":47}},"s":{"0":1,"1":2,"2":2,"3":0,"4":2,"5":2,"6":2},"f":{"0":2,"1":0},"b":{"0":[1,1],"1":[2,2]},"_coverageSchema":"1a1c01bbd47fc00a2c39e90264f33305004495a9","hash":"a577c5e0118d0abd9af12d618b01f503c7c3b8dd"}
,"D:\\bt coding challenge\\client\\my-app\\src\\components\\OTPInput.js": {"path":"D:\\bt coding challenge\\client\\my-app\\src\\components\\OTPInput.js","statementMap":{"0":{"start":{"line":1,"column":17},"end":{"line":34,"column":1}},"1":{"start":{"line":3,"column":24},"end":{"line":22,"column":5}},"2":{"start":{"line":5,"column":8},"end":{"line":21,"column":9}},"3":{"start":{"line":7,"column":25},"end":{"line":7,"column":60}},"4":{"start":{"line":8,"column":12},"end":{"line":10,"column":13}},"5":{"start":{"line":9,"column":16},"end":{"line":9,"column":30}},"6":{"start":{"line":11,"column":15},"end":{"line":21,"column":9}},"7":{"start":{"line":17,"column":25},"end":{"line":17,"column":56}},"8":{"start":{"line":18,"column":12},"end":{"line":20,"column":13}},"9":{"start":{"line":19,"column":16},"end":{"line":19,"column":30}},"10":{"start":{"line":23,"column":4},"end":{"line":33,"column":6}},"11":{"start":{"line":30,"column":29},"end":{"line":30,"column":62}}},"fnMap":{"0":{"name":"(anonymous_0)","decl":{"start":{"line":1,"column":17},"end":{"line":1,"column":18}},"loc":{"start":{"line":1,"column":71},"end":{"line":34,"column":1}},"line":1},"1":{"name":"(anonymous_1)","decl":{"start":{"line":3,"column":24},"end":{"line":3,"column":25}},"loc":{"start":{"line":3,"column":31},"end":{"line":22,"column":5}},"line":3},"2":{"name":"(anonymous_2)","decl":{"start":{"line":30,"column":22},"end":{"line":30,"column":23}},"loc":{"start":{"line":30,"column":29},"end":{"line":30,"column":62}},"line":30}},"branchMap":{"0":{"loc":{"start":{"line":5,"column":8},"end":{"line":21,"column":9}},"type":"if","locations":[{"start":{"line":5,"column":8},"end":{"line":21,"column":9}},{"start":{"line":11,"column":15},"end":{"line":21,"column":9}}],"line":5},"1":{"loc":{"start":{"line":5,"column":12},"end":{"line":5,"column":47}},"type":"binary-expr","locations":[{"start":{"line":5,"column":12},"end":{"line":5,"column":27}},{"start":{"line":5,"column":31},"end":{"line":5,"column":47}}],"line":5},"2":{"loc":{"start":{"line":8,"column":12},"end":{"line":10,"column":13}},"type":"if","locations":[{"start":{"line":8,"column":12},"end":{"line":10,"column":13}},{"start":{},"end":{}}],"line":8},"3":{"loc":{"start":{"line":11,"column":15},"end":{"line":21,"column":9}},"type":"if","locations":[{"start":{"line":11,"column":15},"end":{"line":21,"column":9}},{"start":{},"end":{}}],"line":11},"4":{"loc":{"start":{"line":12,"column":12},"end":{"line":15,"column":28}},"type":"binary-expr","locations":[{"start":{"line":12,"column":13},"end":{"line":12,"column":28}},{"start":{"line":12,"column":32},"end":{"line":12,"column":47}},{"start":{"line":13,"column":13},"end":{"line":13,"column":28}},{"start":{"line":13,"column":32},"end":{"line":13,"column":47}},{"start":{"line":14,"column":13},"end":{"line":14,"column":28}},{"start":{"line":14,"column":32},"end":{"line":14,"column":48}},{"start":{"line":15,"column":12},"end":{"line":15,"column":28}}],"line":12},"5":{"loc":{"start":{"line":18,"column":12},"end":{"line":20,"column":13}},"type":"if","locations":[{"start":{"line":18,"column":12},"end":{"line":20,"column":13}},{"start":{},"end":{}}],"line":18}},"s":{"0":2,"1":6,"2":0,"3":0,"4":0,"5":0,"6":0,"7":0,"8":0,"9":0,"10":6,"11":0},"f":{"0":6,"1":0,"2":0},"b":{"0":[0,0],"1":[0,0],"2":[0,0],"3":[0,0],"4":[0,0,0,0,0,0,0],"5":[0,0]},"_coverageSchema":"1a1c01bbd47fc00a2c39e90264f33305004495a9","hash":"92c72273d45ab408cfb80e7af371a71e9714c55f"}
,"D:\\bt coding challenge\\client\\my-app\\src\\components\\OTPInputGroup.js": {"path":"D:\\bt coding challenge\\client\\my-app\\src\\components\\OTPInputGroup.js","statementMap":{"0":{"start":{"line":5,"column":29},"end":{"line":90,"column":1}},"1":{"start":{"line":6,"column":23},"end":{"line":6,"column":35}},"2":{"start":{"line":7,"column":30},"end":{"line":7,"column":35}},"3":{"start":{"line":9,"column":42},"end":{"line":15,"column":6}},"4":{"start":{"line":17,"column":30},"end":{"line":22,"column":5}},"5":{"start":{"line":18,"column":8},"end":{"line":21,"column":12}},"6":{"start":{"line":18,"column":45},"end":{"line":21,"column":9}},"7":{"start":{"line":24,"column":25},"end":{"line":31,"column":5}},"8":{"start":{"line":25,"column":30},"end":{"line":25,"column":32}},"9":{"start":{"line":26,"column":8},"end":{"line":28,"column":9}},"10":{"start":{"line":27,"column":12},"end":{"line":27,"column":37}},"11":{"start":{"line":29,"column":8},"end":{"line":29,"column":42}},"12":{"start":{"line":30,"column":8},"end":{"line":30,"column":60}},"13":{"start":{"line":33,"column":8},"end":{"line":89,"column":6}}},"fnMap":{"0":{"name":"(anonymous_0)","decl":{"start":{"line":5,"column":29},"end":{"line":5,"column":30}},"loc":{"start":{"line":5,"column":40},"end":{"line":90,"column":1}},"line":5},"1":{"name":"(anonymous_1)","decl":{"start":{"line":17,"column":30},"end":{"line":17,"column":31}},"loc":{"start":{"line":17,"column":50},"end":{"line":22,"column":5}},"line":17},"2":{"name":"(anonymous_2)","decl":{"start":{"line":18,"column":23},"end":{"line":18,"column":24}},"loc":{"start":{"line":18,"column":45},"end":{"line":21,"column":9}},"line":18},"3":{"name":"(anonymous_3)","decl":{"start":{"line":24,"column":25},"end":{"line":24,"column":26}},"loc":{"start":{"line":24,"column":31},"end":{"line":31,"column":5}},"line":24}},"branchMap":{"0":{"loc":{"start":{"line":29,"column":8},"end":{"line":29,"column":41}},"type":"binary-expr","locations":[{"start":{"line":29,"column":8},"end":{"line":29,"column":14}},{"start":{"line":29,"column":18},"end":{"line":29,"column":41}}],"line":29},"1":{"loc":{"start":{"line":30,"column":8},"end":{"line":30,"column":59}},"type":"binary-expr","locations":[{"start":{"line":30,"column":8},"end":{"line":30,"column":23}},{"start":{"line":30,"column":27},"end":{"line":30,"column":59}}],"line":30}},"s":{"0":1,"1":1,"2":1,"3":1,"4":1,"5":0,"6":0,"7":1,"8":0,"9":0,"10":0,"11":0,"12":0,"13":1},"f":{"0":1,"1":0,"2":0,"3":0},"b":{"0":[0,0],"1":[0,0]},"_coverageSchema":"1a1c01bbd47fc00a2c39e90264f33305004495a9","hash":"a4f8f764eb186c45ac4eb3baeb36283c3a5ef851"}
,"D:\\bt coding challenge\\client\\my-app\\src\\context\\MyContext.js": {"path":"D:\\bt coding challenge\\client\\my-app\\src\\context\\MyContext.js","statementMap":{"0":{"start":{"line":3,"column":18},"end":{"line":3,"column":35}}},"fnMap":{},"branchMap":{},"s":{"0":3},"f":{},"b":{},"_coverageSchema":"1a1c01bbd47fc00a2c39e90264f33305004495a9","hash":"1fd15abe0fc0eef54555ed9eb4fc2c5762b35160"}
,"D:\\bt coding challenge\\client\\my-app\\src\\pages\\GenerateOTP.js": {"path":"D:\\bt coding challenge\\client\\my-app\\src\\pages\\GenerateOTP.js","statementMap":{"0":{"start":{"line":7,"column":20},"end":{"line":46,"column":5}},"1":{"start":{"line":8,"column":30},"end":{"line":8,"column":42}},"2":{"start":{"line":9,"column":54},"end":{"line":9,"column":75}},"3":{"start":{"line":11,"column":25},"end":{"line":14,"column":5}},"4":{"start":{"line":12,"column":6},"end":{"line":12,"column":29}},"5":{"start":{"line":13,"column":6},"end":{"line":13,"column":36}},"6":{"start":{"line":16,"column":32},"end":{"line":16,"column":52}},"7":{"start":{"line":18,"column":4},"end":{"line":45,"column":8}},"8":{"start":{"line":27,"column":35},"end":{"line":27,"column":63}}},"fnMap":{"0":{"name":"(anonymous_0)","decl":{"start":{"line":7,"column":20},"end":{"line":7,"column":21}},"loc":{"start":{"line":7,"column":26},"end":{"line":46,"column":5}},"line":7},"1":{"name":"(anonymous_1)","decl":{"start":{"line":11,"column":25},"end":{"line":11,"column":26}},"loc":{"start":{"line":11,"column":37},"end":{"line":14,"column":5}},"line":11},"2":{"name":"(anonymous_2)","decl":{"start":{"line":27,"column":24},"end":{"line":27,"column":25}},"loc":{"start":{"line":27,"column":35},"end":{"line":27,"column":63}},"line":27}},"branchMap":{"0":{"loc":{"start":{"line":40,"column":25},"end":{"line":40,"column":65}},"type":"cond-expr","locations":[{"start":{"line":40,"column":47},"end":{"line":40,"column":58}},{"start":{"line":40,"column":61},"end":{"line":40,"column":65}}],"line":40}},"s":{"0":1,"1":1,"2":1,"3":1,"4":0,"5":0,"6":1,"7":1,"8":0},"f":{"0":1,"1":0,"2":0},"b":{"0":[0,1]},"_coverageSchema":"1a1c01bbd47fc00a2c39e90264f33305004495a9","hash":"a5d7df773ff18a32d04a14a6351dbce1e8a2baa2"}
,"D:\\bt coding challenge\\client\\my-app\\src\\pages\\ValidateOTP.js": {"path":"D:\\bt coding challenge\\client\\my-app\\src\\pages\\ValidateOTP.js","statementMap":{"0":{"start":{"line":7,"column":20},"end":{"line":32,"column":1}},"1":{"start":{"line":8,"column":79},"end":{"line":8,"column":100}},"2":{"start":{"line":10,"column":31},"end":{"line":12,"column":5}},"3":{"start":{"line":11,"column":8},"end":{"line":11,"column":45}},"4":{"start":{"line":14,"column":28},"end":{"line":16,"column":5}},"5":{"start":{"line":15,"column":8},"end":{"line":15,"column":40}},"6":{"start":{"line":18,"column":4},"end":{"line":31,"column":6}}},"fnMap":{"0":{"name":"(anonymous_0)","decl":{"start":{"line":7,"column":20},"end":{"line":7,"column":21}},"loc":{"start":{"line":7,"column":26},"end":{"line":32,"column":1}},"line":7},"1":{"name":"(anonymous_1)","decl":{"start":{"line":10,"column":31},"end":{"line":10,"column":32}},"loc":{"start":{"line":10,"column":43},"end":{"line":12,"column":5}},"line":10},"2":{"name":"(anonymous_2)","decl":{"start":{"line":14,"column":28},"end":{"line":14,"column":29}},"loc":{"start":{"line":14,"column":43},"end":{"line":16,"column":5}},"line":14}},"branchMap":{},"s":{"0":1,"1":1,"2":1,"3":0,"4":1,"5":0,"6":1},"f":{"0":1,"1":0,"2":0},"b":{},"_coverageSchema":"1a1c01bbd47fc00a2c39e90264f33305004495a9","hash":"c1a065c3104303401d7a1864e9733a93759d8baf"}
,"D:\\bt coding challenge\\client\\my-app\\src\\utils\\utils.js": {"path":"D:\\bt coding challenge\\client\\my-app\\src\\utils\\utils.js","statementMap":{"0":{"start":{"line":1,"column":15},"end":{"line":1,"column":26}},"1":{"start":{"line":2,"column":13},"end":{"line":2,"column":17}},"2":{"start":{"line":3,"column":17},"end":{"line":3,"column":23}},"3":{"start":{"line":4,"column":12},"end":{"line":4,"column":21}},"4":{"start":{"line":5,"column":21},"end":{"line":5,"column":33}},"5":{"start":{"line":6,"column":18},"end":{"line":6,"column":31}},"6":{"start":{"line":7,"column":12},"end":{"line":7,"column":50}},"7":{"start":{"line":9,"column":27},"end":{"line":12,"column":1}},"8":{"start":{"line":14,"column":25},"end":{"line":32,"column":1}},"9":{"start":{"line":15,"column":25},"end":{"line":18,"column":3}},"10":{"start":{"line":20,"column":21},"end":{"line":20,"column":45}},"11":{"start":{"line":21,"column":2},"end":{"line":31,"column":7}},"12":{"start":{"line":22,"column":12},"end":{"line":30,"column":13}},"13":{"start":{"line":24,"column":33},"end":{"line":24,"column":48}},"14":{"start":{"line":25,"column":20},"end":{"line":25,"column":36}},"15":{"start":{"line":28,"column":20},"end":{"line":28,"column":33}},"16":{"start":{"line":34,"column":29},"end":{"line":51,"column":1}},"17":{"start":{"line":35,"column":27},"end":{"line":38,"column":5}},"18":{"start":{"line":39,"column":23},"end":{"line":39,"column":44}},"19":{"start":{"line":40,"column":4},"end":{"line":50,"column":5}},"20":{"start":{"line":41,"column":6},"end":{"line":49,"column":7}},"21":{"start":{"line":43,"column":27},"end":{"line":43,"column":42}},"22":{"start":{"line":44,"column":14},"end":{"line":44,"column":30}},"23":{"start":{"line":47,"column":14},"end":{"line":47,"column":27}},"24":{"start":{"line":53,"column":29},"end":{"line":64,"column":3}},"25":{"start":{"line":54,"column":23},"end":{"line":58,"column":7}},"26":{"start":{"line":59,"column":6},"end":{"line":63,"column":7}},"27":{"start":{"line":60,"column":8},"end":{"line":60,"column":20}},"28":{"start":{"line":62,"column":8},"end":{"line":62,"column":21}},"29":{"start":{"line":66,"column":25},"end":{"line":81,"column":3}}},"fnMap":{"0":{"name":"(anonymous_0)","decl":{"start":{"line":14,"column":25},"end":{"line":14,"column":26}},"loc":{"start":{"line":14,"column":36},"end":{"line":32,"column":1}},"line":14},"1":{"name":"(anonymous_1)","decl":{"start":{"line":21,"column":21},"end":{"line":21,"column":22}},"loc":{"start":{"line":21,"column":42},"end":{"line":31,"column":5}},"line":21},"2":{"name":"(anonymous_2)","decl":{"start":{"line":23,"column":16},"end":{"line":23,"column":17}},"loc":{"start":{"line":23,"column":30},"end":{"line":26,"column":17}},"line":23},"3":{"name":"(anonymous_3)","decl":{"start":{"line":27,"column":16},"end":{"line":27,"column":17}},"loc":{"start":{"line":27,"column":27},"end":{"line":29,"column":17}},"line":27},"4":{"name":"(anonymous_4)","decl":{"start":{"line":34,"column":29},"end":{"line":34,"column":30}},"loc":{"start":{"line":34,"column":45},"end":{"line":51,"column":1}},"line":34},"5":{"name":"(anonymous_5)","decl":{"start":{"line":40,"column":23},"end":{"line":40,"column":24}},"loc":{"start":{"line":40,"column":44},"end":{"line":50,"column":3}},"line":40},"6":{"name":"(anonymous_6)","decl":{"start":{"line":42,"column":10},"end":{"line":42,"column":11}},"loc":{"start":{"line":42,"column":24},"end":{"line":45,"column":11}},"line":42},"7":{"name":"(anonymous_7)","decl":{"start":{"line":46,"column":10},"end":{"line":46,"column":11}},"loc":{"start":{"line":46,"column":21},"end":{"line":48,"column":11}},"line":46},"8":{"name":"(anonymous_8)","decl":{"start":{"line":53,"column":29},"end":{"line":53,"column":30}},"loc":{"start":{"line":53,"column":40},"end":{"line":64,"column":3}},"line":53}},"branchMap":{"0":{"loc":{"start":{"line":59,"column":6},"end":{"line":63,"column":7}},"type":"if","locations":[{"start":{"line":59,"column":6},"end":{"line":63,"column":7}},{"start":{"line":61,"column":13},"end":{"line":63,"column":7}}],"line":59}},"s":{"0":1,"1":1,"2":1,"3":1,"4":1,"5":1,"6":1,"7":1,"8":1,"9":0,"10":0,"11":0,"12":0,"13":0,"14":0,"15":0,"16":1,"17":0,"18":0,"19":0,"20":0,"21":0,"22":0,"23":0,"24":1,"25":1,"26":1,"27":0,"28":1,"29":1},"f":{"0":0,"1":0,"2":0,"3":0,"4":0,"5":0,"6":0,"7":0,"8":1},"b":{"0":[0,1]},"_coverageSchema":"1a1c01bbd47fc00a2c39e90264f33305004495a9","hash":"ae6831a3ad9d4fc98ea3d3bd68a02917ba467106"}
}
